Determining if the pthread_create exist failed with the following output:
Change Dir: /home/niuqiang/GetGit/protobuf/cmake/CMakeFiles/CMakeTmp

Run Build Command:"/usr/bin/gmake" "cmTC_19eda/fast"
/usr/bin/gmake -f CMakeFiles/cmTC_19eda.dir/build.make CMakeFiles/cmTC_19eda.dir/build
gmake[1]: Entering directory `/home/niuqiang/GetGit/protobuf/cmake/CMakeFiles/CMakeTmp'
Building C object CMakeFiles/cmTC_19eda.dir/CheckSymbolExists.c.o
/usr/bin/cc    -o CMakeFiles/cmTC_19eda.dir/CheckSymbolExists.c.o   -c /home/niuqiang/GetGit/protobuf/cmake/CMakeFiles/CMakeTmp/CheckSymbolExists.c
Linking C executable cmTC_19eda
/usr/local/bin/cmake -E cmake_link_script CMakeFiles/cmTC_19eda.dir/link.txt --verbose=1
/usr/bin/cc      -rdynamic CMakeFiles/cmTC_19eda.dir/CheckSymbolExists.c.o  -o cmTC_19eda 
CMakeFiles/cmTC_19eda.dir/CheckSymbolExists.c.o: In function `main':
CheckSymbolExists.c:(.text+0x16): undefined reference to `pthread_create'
collect2: error: ld returned 1 exit status
gmake[1]: *** [cmTC_19eda] Error 1
gmake[1]: Leaving directory `/home/niuqiang/GetGit/protobuf/cmake/CMakeFiles/CMakeTmp'
gmake: *** [cmTC_19eda/fast] Error 2

File /home/niuqiang/GetGit/protobuf/cmake/CMakeFiles/CMakeTmp/CheckSymbolExists.c:
/* */
#include <pthread.h>

int main(int argc, char** argv)
{
  (void)argv;
#ifndef pthread_create
  return ((int*)(&pthread_create))[argc];
#else
  (void)argc;
  return 0;
#endif
}

Determining if the function pthread_create exists in the pthreads failed with the following output:
Change Dir: /home/niuqiang/GetGit/protobuf/cmake/CMakeFiles/CMakeTmp

Run Build Command:"/usr/bin/gmake" "cmTC_a2f34/fast"
/usr/bin/gmake -f CMakeFiles/cmTC_a2f34.dir/build.make CMakeFiles/cmTC_a2f34.dir/build
gmake[1]: Entering directory `/home/niuqiang/GetGit/protobuf/cmake/CMakeFiles/CMakeTmp'
Building C object CMakeFiles/cmTC_a2f34.dir/CheckFunctionExists.c.o
/usr/bin/cc   -DCHECK_FUNCTION_EXISTS=pthread_create   -o CMakeFiles/cmTC_a2f34.dir/CheckFunctionExists.c.o   -c /usr/local/share/cmake-3.8/Modules/CheckFunctionExists.c
Linking C executable cmTC_a2f34
/usr/local/bin/cmake -E cmake_link_script CMakeFiles/cmTC_a2f34.dir/link.txt --verbose=1
/usr/bin/cc  -DCHECK_FUNCTION_EXISTS=pthread_create    -rdynamic CMakeFiles/cmTC_a2f34.dir/CheckFunctionExists.c.o  -o cmTC_a2f34 -lpthreads 
/usr/bin/ld: cannot find -lpthreads
collect2: error: ld returned 1 exit status
gmake[1]: *** [cmTC_a2f34] Error 1
gmake[1]: Leaving directory `/home/niuqiang/GetGit/protobuf/cmake/CMakeFiles/CMakeTmp'
gmake: *** [cmTC_a2f34/fast] Error 2


